[debug] [2021-01-29T12:43:11.877Z] ----------------------------------------------------------------------
[debug] [2021-01-29T12:43:11.879Z] Command:       C:\Program Files\nodejs\node.exe C:\Users\sohai\AppData\Roaming\npm\node_modules\firebase-tools\lib\bin\firebase.js init
[debug] [2021-01-29T12:43:11.880Z] CLI Version:   9.1.0
[debug] [2021-01-29T12:43:11.880Z] Platform:      win32
[debug] [2021-01-29T12:43:11.880Z] Node Version:  v14.15.1
[debug] [2021-01-29T12:43:11.881Z] Time:          Fri Jan 29 2021 13:43:11 GMT+0100 (Central European Standard Time)
[debug] [2021-01-29T12:43:11.881Z] ----------------------------------------------------------------------
[debug] [2021-01-29T12:43:11.881Z] 
[debug] [2021-01-29T12:43:11.884Z] >>> [apiv2][query] GET https://firebase-public.firebaseio.com/cli.json [none]
[debug] [2021-01-29T12:43:11.914Z] > command requires scopes: ["email","openid","https://www.googleapis.com/auth/cloudplatformprojects.readonly","https://www.googleapis.com/auth/firebase","https://www.googleapis.com/auth/cloud-platform"]
[debug] [2021-01-29T12:43:11.915Z] > authorizing via signed-in user
[info] 
     ######## #### ########  ######## ########     ###     ######  ########
     ##        ##  ##     ## ##       ##     ##  ##   ##  ##       ##
     ######    ##  ########  ######   ########  #########  ######  ######
     ##        ##  ##    ##  ##       ##     ## ##     ##       ## ##
     ##       #### ##     ## ######## ########  ##     ##  ######  ########

You're about to initialize a Firebase project in this directory:

  D:\React\covid-19-tracker

[debug] [2021-01-29T12:43:12.694Z] <<< [apiv2][status] GET https://firebase-public.firebaseio.com/cli.json 200
[debug] [2021-01-29T12:43:12.695Z] <<< [apiv2][body] GET https://firebase-public.firebaseio.com/cli.json {"cloudBuildErrorAfter":1594252800000,"cloudBuildWarnAfter":1590019200000,"defaultNode10After":1594252800000,"minVersion":"3.0.5","node8DeploysDisabledAfter":1613390400000,"node8RuntimeDisabledAfter":1615809600000,"node8WarnAfter":1600128000000}
